SF:lib/data/post.remote.dart
DA:16,3
DA:17,3
DA:20,1
DA:22,2
DA:23,1
DA:24,2
DA:25,0
DA:26,0
DA:27,0
DA:30,2
DA:31,5
DA:34,1
DA:36,3
DA:37,2
DA:38,2
DA:39,0
DA:40,0
DA:41,0
DA:42,0
DA:43,0
DA:44,0
DA:48,2
DA:49,2
LF:23
LH:14
end_of_record
SF:lib/ui/bindings/initial_bindings.dart
DA:8,2
DA:10,2
DA:11,6
DA:12,4
DA:13,6
LF:5
LH:5
end_of_record
SF:lib/common/exceptions.dart
DA:8,1
LF:1
LH:1
end_of_record
SF:lib/common/logger.dart
DA:3,2
DA:4,2
DA:7,1
DA:8,1
LF:4
LH:4
end_of_record
SF:lib/data/models/post.model.dart
DA:10,5
DA:17,2
DA:18,2
DA:19,2
DA:20,2
DA:21,2
DA:22,2
DA:26,1
DA:27,1
DA:28,2
DA:29,2
DA:30,2
DA:31,2
DA:35,12
DA:37,1
DA:38,5
LF:16
LH:16
end_of_record
SF:lib/domain/entities/post.dart
DA:9,12
DA:17,9
DA:19,2
DA:20,10
LF:4
LH:4
end_of_record
SF:lib/data/post_repository.impl.dart
DA:10,3
DA:12,1
DA:19,2
DA:20,5
DA:21,1
DA:22,2
DA:26,1
DA:29,2
DA:30,2
DA:31,1
DA:32,2
LF:11
LH:11
end_of_record
SF:lib/ui/controllers/home_controller.dart
DA:10,4
DA:12,4
DA:14,4
DA:17,4
DA:23,4
DA:24,8
DA:25,8
DA:26,16
DA:27,8
LF:9
LH:9
end_of_record
SF:lib/ui/bindings/home_bindings.dart
DA:6,1
DA:8,6
LF:2
LH:2
end_of_record
SF:lib/ui/controllers/post_detail_controller.dart
DA:10,3
DA:12,3
DA:14,3
DA:15,9
DA:18,3
DA:19,6
DA:20,6
DA:21,12
DA:22,6
LF:9
LH:9
end_of_record
SF:lib/ui/pages/post_detail_page.dart
DA:6,5
DA:7,2
DA:9,10
DA:10,2
DA:11,2
DA:14,2
DA:15,2
DA:16,2
DA:18,2
DA:20,2
DA:21,2
DA:22,10
DA:24,2
DA:25,10
DA:27,2
DA:28,10
DA:30,2
DA:31,10
LF:18
LH:18
end_of_record
SF:lib/ui/widgets/post_list_item.dart
DA:9,3
DA:16,3
DA:18,3
DA:19,9
DA:20,3
DA:21,6
LF:6
LH:6
end_of_record
SF:lib/ui/pages/home_page.dart
DA:11,2
DA:13,2
DA:15,10
DA:17,2
DA:18,2
DA:21,2
DA:23,2
DA:24,4
DA:25,2
DA:26,2
DA:27,2
DA:30,2
DA:31,4
DA:36,2
DA:39,2
DA:40,4
DA:48,2
DA:49,2
DA:50,4
DA:51,4
DA:52,3
DA:54,4
DA:56,8
DA:58,6
LF:24
LH:24
end_of_record
SF:lib/ui/app.dart
DA:12,1
DA:14,1
DA:25,1
DA:27,1
DA:28,1
DA:31,1
DA:32,1
DA:34,1
DA:40,1
LF:9
LH:9
end_of_record
